[09:39:33] Servidor iniciado.
[09:39:34] en estación 1
[09:39:34] espera de 20s en estación 1
[09:39:35] espera de 20s en estación 1
[09:39:36] espera de 20s en estación 1
[09:39:37] espera de 20s en estación 1
[09:39:38] espera de 20s en estación 1
[09:39:39] espera de 20s en estación 1
[09:39:40] espera de 20s en estación 1
[09:39:41] espera de 20s en estación 1
[09:39:42] espera de 20s en estación 1
[09:39:43] espera de 20s en estación 1
[09:39:44] espera de 20s en estación 1
[09:39:45] espera de 20s en estación 1
[09:39:46] espera de 20s en estación 1
[09:39:47] espera de 20s en estación 1
[09:39:48] espera de 20s en estación 1
[09:39:49] espera de 20s en estación 1
[09:39:50] espera de 20s en estación 1
[09:39:51] espera de 20s en estación 1
[09:39:52] espera de 20s en estación 1
[09:39:53] espera de 20s en estación 1
[09:39:54] viajando de 1 a 2
[09:39:55] viajando de 2 a 3
[09:39:56] viajando de 3 a 4
[09:39:57] viajando de 4 a 5
[09:39:58] en estación 5
[09:39:58] espera de 20s en estación 5
[09:39:59] espera de 20s en estación 5
[09:40:00] espera de 20s en estación 5
[09:40:01] espera de 20s en estación 5
[09:40:02] espera de 20s en estación 5
[09:40:03] espera de 20s en estación 5
[09:40:04] espera de 20s en estación 5
[09:40:05] espera de 20s en estación 5
[09:40:06] espera de 20s en estación 5
[09:40:07] espera de 20s en estación 5
[09:40:08] espera de 20s en estación 5
[09:40:09] espera de 20s en estación 5
[09:40:10] espera de 20s en estación 5
[09:40:11] espera de 20s en estación 5
[09:40:12] espera de 20s en estación 5
[09:40:13] espera de 20s en estación 5
[09:40:14] espera de 20s en estación 5
[09:40:15] espera de 20s en estación 5
[09:40:16] espera de 20s en estación 5
[09:40:17] espera de 20s en estación 5
[09:40:18] viajando de 5 a 6
[09:40:18] cambio de direccion
[09:40:19] viajando de 6 a 5
[09:40:20] en estación 5
[09:40:20] espera de 20s en estación 5
[09:40:21] espera de 20s en estación 5
[09:40:22] espera de 20s en estación 5
[09:40:23] espera de 20s en estación 5
[09:40:24] espera de 20s en estación 5
[09:40:25] espera de 20s en estación 5
[09:40:26] espera de 20s en estación 5
[09:40:28] espera de 20s en estación 5
[09:40:29] espera de 20s en estación 5
[09:40:30] espera de 20s en estación 5
[09:40:31] espera de 20s en estación 5
[09:40:32] espera de 20s en estación 5
[09:40:33] espera de 20s en estación 5
[09:40:34] espera de 20s en estación 5
[09:40:35] espera de 20s en estación 5
[09:40:36] espera de 20s en estación 5
[09:40:37] espera de 20s en estación 5
[09:40:38] espera de 20s en estación 5
[09:40:39] espera de 20s en estación 5
[09:40:40] espera de 20s en estación 5
[09:40:41] viajando de 5 a 4
[09:40:42] viajando de 4 a 3
[09:40:43] viajando de 3 a 2
[09:40:44] viajando de 2 a 1
[09:40:44] cambio de direccion
[09:40:45] en estación 1
[09:40:45] espera de 20s en estación 1
[09:40:46] espera de 20s en estación 1
[09:40:47] espera de 20s en estación 1
[09:40:48] espera de 20s en estación 1
[09:40:49] espera de 20s en estación 1
[09:40:50] espera de 20s en estación 1
[09:40:51] espera de 20s en estación 1
[09:40:52] espera de 20s en estación 1
[09:40:53] espera de 20s en estación 1
[09:40:54] espera de 20s en estación 1
[09:40:55] espera de 20s en estación 1
[09:40:56] espera de 20s en estación 1
[09:40:57] espera de 20s en estación 1
[09:40:58] espera de 20s en estación 1
[09:40:59] espera de 20s en estación 1
[09:41:00] espera de 20s en estación 1
[09:41:01] espera de 20s en estación 1
[09:41:02] espera de 20s en estación 1
[09:41:03] espera de 20s en estación 1
[09:41:04] espera de 20s en estación 1
[09:41:05] viajando de 1 a 2
[09:41:06] viajando de 2 a 3
[09:41:07] viajando de 3 a 4
[09:41:08] viajando de 4 a 5
[09:41:09] en estación 5
[09:41:09] espera de 20s en estación 5
[09:41:10] espera de 20s en estación 5
[09:41:11] espera de 20s en estación 5
[09:41:12] espera de 20s en estación 5
[09:41:13] espera de 20s en estación 5
[09:41:14] espera de 20s en estación 5
[09:41:15] espera de 20s en estación 5
[09:41:16] espera de 20s en estación 5
[09:41:17] espera de 20s en estación 5
[09:41:18] espera de 20s en estación 5
[09:41:19] espera de 20s en estación 5
[09:41:20] espera de 20s en estación 5
[09:41:21] espera de 20s en estación 5
[09:41:22] espera de 20s en estación 5
[09:41:23] espera de 20s en estación 5
[09:41:24] espera de 20s en estación 5
[09:41:25] espera de 20s en estación 5
[09:41:26] espera de 20s en estación 5
[09:41:27] espera de 20s en estación 5
[09:41:28] espera de 20s en estación 5
[09:41:29] viajando de 5 a 6
[09:41:29] cambio de direccion
[09:41:30] viajando de 6 a 5
[09:41:31] en estación 5
[09:41:31] espera de 20s en estación 5
[09:41:32] espera de 20s en estación 5
[09:41:33] espera de 20s en estación 5
[09:41:34] espera de 20s en estación 5
[09:41:35] espera de 20s en estación 5
[09:41:36] espera de 20s en estación 5
[09:41:37] espera de 20s en estación 5
[09:41:39] espera de 20s en estación 5
[09:41:40] espera de 20s en estación 5
[09:41:41] espera de 20s en estación 5
[09:41:42] espera de 20s en estación 5
[09:41:43] espera de 20s en estación 5
[09:41:44] espera de 20s en estación 5
[09:41:45] espera de 20s en estación 5
[09:41:46] espera de 20s en estación 5
[09:41:47] espera de 20s en estación 5
[09:41:48] espera de 20s en estación 5
[09:41:49] espera de 20s en estación 5
[09:41:50] espera de 20s en estación 5
[09:41:51] espera de 20s en estación 5
[09:41:52] viajando de 5 a 4
[09:41:53] viajando de 4 a 3
[09:41:54] viajando de 3 a 2
[09:41:55] viajando de 2 a 1
[09:41:55] Metro detenido por batería agotada
[09:41:55] cambio de direccion
[09:41:56] (recargando)
[09:41:57] (recargando)
[09:41:58] (recargando)
[09:41:59] (recargando)
[09:42:00] (recargando)
[09:42:01] (recargando)
[09:42:02] (recargando)
[09:42:03] (recargando)
[09:42:04] (recargando)
[09:42:05] (recargando)
[09:42:06] (recargando)
[09:42:07] (recargando)
[09:42:08] (recargando)
[09:42:09] (recargando)
[09:42:10] (recargando)
[09:42:11] (recargando)
[09:42:12] (recargando)
[09:42:13] (recargando)
[09:42:14] (recargando)
[09:42:15] (recargando)
[09:42:16] (recargando)
[09:42:17] (recargando)
[09:42:18] (recargando)
[09:42:19] (recargando)
[09:42:20] (recargando)
[09:42:21] (recargando)
[09:42:22] (recargando)
[09:42:23] (recargando)
[09:42:24] (recargando)
[09:42:25] (recargando)
[09:42:26] (recargando)
[09:42:27] (recargando)
[09:42:28] (recargando)
[09:42:29] (recargando)
[09:42:30] (recargando)
[09:42:31] (recargando)
[09:42:32] (recargando)
[09:42:33] (recargando)
[09:42:34] (recargando)
[09:42:35] (recargando)
[09:42:36] (recargando)
[09:42:37] (recargando)
[09:42:38] (recargando)
[09:42:39] (recargando)
[09:42:40] (recargando)
[09:42:41] (recargando)
[09:42:42] (recargando)
[09:42:43] (recargando)
[09:42:44] (recargando)
[09:42:45] (recargando)
[09:42:46] (recargando)
[09:42:48] (recargando)
[09:42:49] (recargando)
[09:42:50] (recargando)
[09:42:51] (recargando)
[09:42:52] (recargando)
[09:42:53] (recargando)
[09:42:54] (recargando)
[09:42:55] (recargando)
[09:42:56] (recargando)
[09:42:57] (recargando)
[09:42:58] (recargando)
[09:42:59] (recargando)
[09:43:00] (recargando)
[09:43:01] (recargando)
[09:43:02] (recargando)
[09:43:03] (recargando)
[09:43:04] (recargando)
[09:43:05] (recargando)
[09:43:06] (recargando)
[09:43:07] (recargando)
[09:43:08] (recargando)
[09:43:09] (recargando)
[09:43:10] (recargando)
[09:43:11] (recargando)
[09:43:12] (recargando)
[09:43:13] (recargando)
[09:43:14] (recargando)
[09:43:15] (recargando)
[09:43:16] (recargando)
[09:43:17] (recargando)
[09:43:18] (recargando)
[09:43:19] (recargando)
[09:43:20] (recargando)
[09:43:21] (recargando)
[09:43:22] (recargando)
[09:43:23] (recargando)
[09:43:24] (recargando)
[09:43:25] (recargando)
[09:43:26] (recargando)
[09:43:27] (recargando)
[09:43:28] (recargando)
[09:43:29] (recargando)
[09:43:30] (recargando)
[09:43:31] (recargando)
[09:43:32] (recargando)
[09:43:33] (recargando)
[09:43:34] (recargando)
[09:43:35] (recargando)
[09:43:36] (recargando)
[09:43:37] (recargando)
[09:43:38] (recargando)
[09:43:39] (recargando)
[09:43:40] (recargando)
[09:43:41] (recargando)
[09:43:42] (recargando)
[09:43:43] (recargando)
[09:43:44] (recargando)
[09:43:45] (recargando)
[09:43:46] (recargando)
[09:43:47] (recargando)
[09:43:48] (recargando)
[09:43:49] (recargando)
[09:43:50] (recargando)
[09:43:51] (recargando)
[09:43:52] (recargando)
[09:43:53] (recargando)
[09:43:54] (recargando)
[09:43:55] (recargando)
[09:43:56] (recargando)
[09:43:57] (recargando)
[09:43:58] (recargando)
[09:44:00] (recargando)
[09:44:01] (recargando)
[09:44:02] (recargando)
[09:44:03] (recargando)
[09:44:04] (recargando)
[09:44:05] (recargando)
[09:44:06] (recargando)
[09:44:07] (recargando)
[09:44:08] (recargando)
[09:44:09] (recargando)
[09:44:10] (recargando)
[09:44:11] (recargando)
[09:44:12] (recargando)
[09:44:13] (recargando)
[09:44:14] (recargando)
[09:44:15] (recargando)
[09:44:16] (recargando)
[09:44:17] (recargando)
[09:44:18] (recargando)
[09:44:19] (recargando)
[09:44:20] (recargando)
[09:44:21] (recargando)
[09:44:22] (recargando)
[09:44:23] (recargando)
[09:44:24] (recargando)
[09:44:25] (recargando)
[09:44:26] (recargando)
[09:44:27] (recargando)
[09:44:28] (recargando)
[09:44:29] (recargando)
[09:44:30] (recargando)
[09:44:31] (recargando)
[09:44:32] (recargando)
[09:44:33] (recargando)
[09:44:34] (recargando)
[09:44:35] (recargando)
[09:44:36] (recargando)
[09:44:37] (recargando)
[09:44:38] (recargando)
[09:44:39] (recargando)
[09:44:40] (recargando)
[09:44:41] (recargando)
[09:44:42] (recargando)
[09:44:43] (recargando)
[09:44:44] (recargando)
[09:44:45] (recargando)
[09:44:46] (recargando)
[09:44:47] (recargando)
[09:44:48] (recargando)
[09:44:49] (recargando)
[09:44:50] (recargando)
[09:44:51] (recargando)
[09:44:52] (recargando)
[09:44:53] (recargando)
[09:44:54] (recargando)
[09:44:55] (recargando)
[09:44:56] (recargando)
[09:44:57] (recargando)
[09:44:58] (recargando)
[09:44:59] (recargando)
[09:45:00] (recargando)
[09:45:01] (recargando)
[09:45:02] (recargando)
[09:45:03] (recargando)
[09:45:04] (recargando)
[09:45:05] (recargando)
[09:45:06] (recargando)
[09:45:07] (recargando)
[09:45:08] (recargando)
[09:45:09] (recargando)
[09:45:11] (recargando)
[09:45:12] (recargando)
[09:45:13] (recargando)
[09:45:14] (recargando)
[09:45:15] (recargando)
[09:45:16] (recargando)
[09:45:17] (recargando)
[09:45:18] (recargando)
[09:45:19] (recargando)
[09:45:20] (recargando)
[09:45:21] (recargando)
[09:45:22] (recargando)
[09:45:23] (recargando)
[09:45:24] (recargando)
[09:45:25] (recargando)
[09:45:26] (recargando)
[09:45:27] (recargando)
[09:45:28] (recargando)
[09:45:29] (recargando)
[09:45:30] (recargando)
[09:45:31] (recargando)
[09:45:32] (recargando)
[09:45:33] (recargando)
[09:45:34] (recargando)
[09:45:35] (recargando)
[09:45:36] (recargando)
[09:45:37] (recargando)
[09:45:38] (recargando)
[09:45:39] (recargando)
[09:45:40] (recargando)
[09:45:41] (recargando)
[09:45:42] (recargando)
[09:45:43] (recargando)
[09:45:44] (recargando)
[09:45:45] (recargando)
[09:45:46] (recargando)
[09:45:47] (recargando)
[09:45:48] (recargando)
[09:45:49] (recargando)
[09:45:50] (recargando)
[09:45:51] (recargando)
[09:45:52] (recargando)
[09:45:53] (recargando)
[09:45:54] (recargando)
[09:45:55] (recargando)
[09:45:56] (recargando)
[09:45:57] (recargando)
[09:45:58] (recargando)
[09:45:59] (recargando)
[09:46:00] (recargando)
[09:46:01] (recargando)
[09:46:02] (recargando)
[09:46:03] (recargando)
[09:46:04] (recargando)
[09:46:05] (recargando)
[09:46:06] (recargando)
[09:46:07] (recargando)
[09:46:08] (recargando)
[09:46:09] (recargando)
[09:46:10] (recargando)
[09:46:11] (recargando)
[09:46:12] (recargando)
[09:46:13] (recargando)
[09:46:14] (recargando)
[09:46:15] (recargando)
[09:46:16] (recargando)
[09:46:17] (recargando)
[09:46:18] (recargando)
[09:46:19] (recargando)
[09:46:21] (recargando)
[09:46:22] (recargando)
[09:46:23] (recargando)
[09:46:24] (recargando)
[09:46:25] (recargando)
[09:46:26] (recargando)
[09:46:27] (recargando)
[09:46:28] (recargando)
[09:46:29] (recargando)
[09:46:30] (recargando)
[09:46:31] (recargando)
[09:46:32] (recargando)
[09:46:33] (recargando)
[09:46:34] (recargando)
[09:46:35] (recargando)
[09:46:36] (recargando)
[09:46:37] (recargando)
[09:46:38] (recargando)
[09:46:39] (recargando)
[09:46:40] (recargando)
[09:46:41] (recargando)
[09:46:42] (recargando)
[09:46:43] (recargando)
[09:46:44] (recargando)
[09:46:45] (recargando)
[09:46:46] (recargando)
[09:46:47] (recargando)
[09:46:48] (recargando)
[09:46:49] (recargando)
[09:46:50] (recargando)
[09:46:51] (recargando)
[09:46:52] (recargando)
[09:46:53] (recargando)
[09:46:54] (recargando)
[09:46:55] (recargando)
[09:46:56] (recargando)
[09:46:57] (recargando)
[09:46:58] (recargando)
[09:46:59] (recargando)
[09:47:00] (recargando)
[09:47:01] (recargando)
[09:47:02] (recargando)
[09:47:03] (recargando)
[09:47:04] (recargando)
[09:47:05] (recargando)
[09:47:06] (recargando)
[09:47:07] (recargando)
[09:47:08] (recargando)
[09:47:09] (recargando)
[09:47:10] (recargando)
[09:47:11] (recargando)
[09:47:12] (recargando)
[09:47:13] (recargando)
[09:47:14] (recargando)
[09:47:15] (recargando)
[09:47:16] (recargando)
[09:47:17] (recargando)
[09:47:18] (recargando)
[09:47:19] (recargando)
[09:47:20] (recargando)
[09:47:21] (recargando)
[09:47:22] (recargando)
[09:47:23] (recargando)
[09:47:24] (recargando)
[09:47:25] (recargando)
[09:47:26] (recargando)
[09:47:27] (recargando)
[09:47:28] (recargando)
[09:47:30] (recargando)
[09:47:31] (recargando)
[09:47:32] (recargando)
[09:47:33] (recargando)
[09:47:34] (recargando)
[09:47:35] (recargando)
[09:47:36] (recargando)
[09:47:37] (recargando)
[09:47:38] (recargando)
[09:47:39] (recargando)
[09:47:40] (recargando)
[09:47:41] (recargando)
[09:47:42] (recargando)
[09:47:43] (recargando)
[09:47:44] (recargando)
[09:47:45] (recargando)
[09:47:46] (recargando)
[09:47:47] (recargando)
[09:47:48] (recargando)
[09:47:49] (recargando)
[09:47:50] (recargando)
[09:47:51] (recargando)
[09:47:52] (recargando)
[09:47:53] (recargando)
[09:47:54] (recargando)
[09:47:55] (recargando)
[09:47:56] (recargando)
[09:47:57] (recargando)
[09:47:58] (recargando)
[09:47:59] (recargando)
[09:48:00] (recargando)
[09:48:01] (recargando)
[09:48:02] (recargando)
[09:48:03] (recargando)
[09:48:04] (recargando)
[09:48:05] (recargando)
[09:48:06] (recargando)
[09:48:07] (recargando)
[09:48:08] (recargando)
[09:48:09] (recargando)
[09:48:10] (recargando)
[09:48:11] (recargando)
[09:48:12] (recargando)
[09:48:13] (recargando)
[09:48:14] (recargando)
[09:48:15] (recargando)
[09:48:16] (recargando)
[09:48:17] (recargando)
[09:48:18] (recargando)
[09:48:19] (recargando)
[09:48:20] (recargando)
[09:48:21] (recargando)
[09:48:22] (recargando)
[09:48:23] (recargando)
[09:48:24] (recargando)
[09:48:25] (recargando)
[09:48:26] (recargando)
[09:48:27] (recargando)
[09:48:28] (recargando)
[09:48:29] (recargando)
[09:48:30] (recargando)
[09:48:31] (recargando)
[09:48:32] (recargando)
[09:48:33] (recargando)
[09:48:34] (recargando)
[09:48:35] (recargando)
[09:48:36] (recargando)
[09:48:37] (recargando)
[09:48:38] (recargando)
[09:48:40] (recargando)
[09:48:41] (recargando)
[09:48:42] (recargando)
[09:48:43] (recargando)
[09:48:44] (recargando)
[09:48:45] (recargando)
[09:48:46] (recargando)
[09:48:47] (recargando)
[09:48:48] (recargando)
[09:48:49] (recargando)
[09:48:50] (recargando)
[09:48:51] (recargando)
[09:48:52] (recargando)
[09:48:53] (recargando)
[09:48:54] (recargando)
[09:48:55] (recargando)
[09:48:56] (recargando)
[09:48:57] (recargando)
[09:48:58] (recargando)
[09:48:59] (recargando)
[09:49:00] (recargando)
[09:49:01] (recargando)
[09:49:02] (recargando)
[09:49:03] (recargando)
[09:49:04] (recargando)
[09:49:05] (recargando)
[09:49:06] (recargando)
[09:49:07] (recargando)
[09:49:08] (recargando)
[09:49:09] (recargando)
[09:49:10] (recargando)
[09:49:11] (recargando)
[09:49:12] (recargando)
[09:49:13] (recargando)
[09:49:14] (recargando)
[09:49:15] (recargando)
[09:49:16] (recargando)
[09:49:17] (recargando)
[09:49:18] (recargando)
[09:49:19] (recargando)
[09:49:20] (recargando)
[09:49:21] (recargando)
[09:49:22] (recargando)
[09:49:23] (recargando)
[09:49:24] (recargando)
[09:49:25] (recargando)
[09:49:26] (recargando)
[09:49:27] (recargando)
[09:49:28] (recargando)
[09:49:29] (recargando)
[09:49:30] (recargando)
[09:49:31] (recargando)
[09:49:32] (recargando)
[09:49:33] (recargando)
[09:49:34] (recargando)
[09:49:35] (recargando)
[09:49:36] (recargando)
[09:49:37] (recargando)
[09:54:39] Servidor iniciado.
[09:54:40] en estación 1
[09:54:40] espera de 20s en estación 1
[09:55:01] viajando de 1 a 2
[09:55:12] en estación 2
[09:55:12] espera de 20s en estación 2
[09:55:33] viajando de 2 a 3
[09:55:44] en estación 3
[09:55:44] espera de 20s en estación 3
[09:56:05] viajando de 3 a 4
[09:56:16] en estación 4
[09:56:16] espera de 20s en estación 4
[09:56:38] viajando de 4 a 5
[09:56:48] [cambio de direccion]
[09:56:49] en estación 5
[09:56:49] espera de 20s en estación 5
[09:57:10] viajando de 5 a 4
[09:57:21] en estación 4
[09:57:21] espera de 20s en estación 4
[09:57:42] viajando de 4 a 3
[09:57:53] en estación 3
[09:57:53] espera de 20s en estación 3
[09:58:14] viajando de 3 a 2
[09:58:25] en estación 2
[09:58:25] espera de 20s en estación 2
[09:58:47] viajando de 2 a 1
[09:58:57] [cambio de direccion]
[09:58:58] en estación 1
[09:58:58] espera de 20s en estación 1
[09:59:19] viajando de 1 a 2
[09:59:30] en estación 2
[09:59:30] espera de 20s en estación 2
[09:59:51] viajando de 2 a 3
[10:00:02] en estación 3
[10:00:02] espera de 20s en estación 3
[10:00:23] Cliente conectado desde 127.0.0.1:55351
[10:00:23] 127.0.0.1:55351 -> Observador autenticado.
[10:00:24] viajando de 3 a 4
[10:00:35] en estación 4
[10:00:35] espera de 20s en estación 4
[10:00:56] viajando de 4 a 5
[10:01:06] [cambio de direccion]
[10:01:07] en estación 5
[10:01:07] espera de 20s en estación 5
[10:01:28] viajando de 5 a 4
[10:01:30] Cliente conectado desde 127.0.0.1:56110
[10:01:39] en estación 4
[10:01:39] espera de 20s en estación 4
[10:01:45] Cliente conectado desde 127.0.0.1:56288
[10:02:00] viajando de 4 a 3
[10:02:11] en estación 3
[10:02:11] espera de 20s en estación 3
[10:02:18] Cliente conectado desde 127.0.0.1:56657
[10:02:33] viajando de 3 a 2
[10:02:44] en estación 2
[10:02:44] espera de 20s en estación 2
[10:03:05] viajando de 2 a 1
[10:03:15] [cambio de direccion]
[10:03:16] en estación 1
[10:03:16] espera de 20s en estación 1
[10:03:16] Cliente conectado desde 127.0.0.1:55476
[10:03:18] 127.0.0.1:55476 -> Administrador autenticado.
[10:03:37] viajando de 1 a 2
[10:03:48] en estación 2
[10:03:48] espera de 20s en estación 2
[10:03:54] 127.0.0.1:55476 -> CMD STOPNOW -> Detenido
[10:04:03] 127.0.0.1:55476 -> CMD STARTNOW -> Reanudado
[10:04:08] 127.0.0.1:55476 -> CMD SPEEDUP -> Vel=2
[10:04:17] viajando de 2 a 3
[10:04:28] en estación 3
[10:04:28] espera de 20s en estación 3
[10:04:50] viajando de 3 a 4
[10:05:01] en estación 4
[10:05:01] espera de 20s en estación 4
[10:05:18] 127.0.0.1:55476 -> CMD SPEEDUP -> Vel=3
[10:05:19] 127.0.0.1:55476 -> CMD SPEEDUP -> Vel=4
[10:05:21] 127.0.0.1:55476 -> CMD SPEEDUP -> Vel=5
[10:05:22] viajando de 4 a 5
[10:05:32] [cambio de direccion]
[10:05:33] en estación 5
[10:05:33] espera de 20s en estación 5
[10:05:54] viajando de 5 a 4
[11:19:03] Servidor iniciado.
[11:19:04] en estación 1
[11:19:04] espera de 20s en estación 1
[11:19:18] Cliente conectado desde 127.0.0.1:49637
[11:19:20] 127.0.0.1:49637 -> Administrador autenticado.
[11:20:25] Servidor iniciado.
[11:20:26] en estación 1
[11:20:26] espera de 20s en estación 1
[11:23:57] Servidor iniciado.
[11:23:58] en estación 1
[11:23:58] espera de 20s en estación 1
[11:24:06] Servidor iniciado.
[11:24:07] en estación 1
[11:24:07] espera de 20s en estación 1
[11:24:28] viajando de 1 a 2
[11:24:39] en estación 2
[11:24:39] espera de 20s en estación 2
[11:25:01] viajando de 2 a 3
[11:25:12] en estación 3
[11:25:12] espera de 20s en estación 3
[11:25:33] viajando de 3 a 4
[11:25:44] en estación 4
[11:25:44] espera de 20s en estación 4
[11:26:05] viajando de 4 a 5
[11:26:15] [cambio de direccion]
[11:26:16] en estación 5
[11:26:16] espera de 20s en estación 5
[11:26:17] Cliente conectado desde 127.0.0.1:57862
[11:26:20] 127.0.0.1:57862 -> Administrador autenticado.
[11:26:37] viajando de 5 a 4
[11:26:48] en estación 4
[11:26:48] espera de 20s en estación 4
[11:27:09] viajando de 4 a 3
[11:27:20] en estación 3
[11:27:20] espera de 20s en estación 3
[11:27:41] viajando de 3 a 2
[11:27:52] en estación 2
[11:27:52] espera de 20s en estación 2
[11:28:14] viajando de 2 a 1
[11:28:24] [cambio de direccion]
[11:28:25] en estación 1
[11:28:25] espera de 20s en estación 1
[11:28:46] viajando de 1 a 2
[11:28:57] en estación 2
[11:28:57] espera de 20s en estación 2
[11:29:18] viajando de 2 a 3
[11:29:29] en estación 3
[11:29:29] espera de 20s en estación 3
[11:29:50] viajando de 3 a 4
[11:30:01] en estación 4
[11:30:01] espera de 20s en estación 4
[11:30:22] viajando de 4 a 5
[11:30:32] [cambio de direccion]
[11:30:33] en estación 5
[11:30:33] espera de 20s en estación 5
[11:30:55] viajando de 5 a 4
[11:31:06] en estación 4
[11:31:06] espera de 20s en estación 4
[11:31:27] viajando de 4 a 3
[11:31:38] en estación 3
[11:31:38] espera de 20s en estación 3
[11:31:59] viajando de 3 a 2
[11:32:10] en estación 2
[11:32:10] espera de 20s en estación 2
[11:32:31] viajando de 2 a 1
[11:32:41] [cambio de direccion]
[11:32:42] en estación 1
[11:32:42] espera de 20s en estación 1
[11:33:03] viajando de 1 a 2
[11:33:14] en estación 2
[11:33:14] espera de 20s en estación 2
[11:33:35] viajando de 2 a 3
[11:33:46] en estación 3
[11:33:46] espera de 20s en estación 3
[11:34:08] viajando de 3 a 4
[11:34:19] en estación 4
[11:34:19] espera de 20s en estación 4
[11:34:40] viajando de 4 a 5
[11:34:50] [BATERIA AGOTADA] Metro detenido 10s para recargar.
[11:35:00] [BATERIA RECARGADA] Metro reanuda recorrido.
[11:35:00] [cambio de direccion]
[11:35:01] en estación 5
[11:35:01] espera de 20s en estación 5
[11:35:22] viajando de 5 a 4
[11:35:33] en estación 4
[11:35:33] espera de 20s en estación 4
[11:38:25] Servidor iniciado.
[11:38:26] en estación 1
[11:38:26] espera de 20s en estación 1
[11:38:47] viajando de 1 a 2
[11:38:58] en estación 2
[11:38:58] espera de 20s en estación 2
[11:39:19] viajando de 2 a 3
[11:39:30] en estación 3
[11:39:30] espera de 20s en estación 3
[11:39:51] viajando de 3 a 4
[11:40:02] en estación 4
[11:40:02] espera de 20s en estación 4
[11:40:23] viajando de 4 a 5
[11:40:33] [cambio de direccion]
[11:40:34] en estación 5
[11:40:34] espera de 20s en estación 5
[11:40:55] viajando de 5 a 4
[11:41:06] en estación 4
[11:41:06] espera de 20s en estación 4
[11:41:28] viajando de 4 a 3
[11:41:39] en estación 3
[11:41:39] espera de 20s en estación 3
[11:42:00] viajando de 3 a 2
[11:42:11] en estación 2
[11:42:11] espera de 20s en estación 2
[11:42:32] viajando de 2 a 1
[11:42:42] [cambio de direccion]
[11:42:43] en estación 1
[11:42:43] espera de 20s en estación 1
[11:42:54] Cliente conectado desde 127.0.0.1:63879
[11:42:59] 127.0.0.1:63879 -> Administrador autenticado.
[11:43:04] viajando de 1 a 2
[11:43:15] en estación 2
[11:43:15] espera de 20s en estación 2
[11:43:36] viajando de 2 a 3
[11:43:38] 127.0.0.1:63879 -> CMD STOPNOW -> Detenido
[11:43:51] 127.0.0.1:63879 -> CMD STARTNOW -> Reanudado
[11:43:51] en estación 3
[11:43:51] espera de 20s en estación 3
[11:44:12] viajando de 3 a 4
[11:44:23] en estación 4
[11:44:23] espera de 20s en estación 4
[11:44:23] 127.0.0.1:63879 -> CMD SPEEDUP -> Vel=2
[11:44:29] 127.0.0.1:63879 -> CMD SPEEDUP -> Vel=3
[11:44:30] 127.0.0.1:63879 -> CMD SPEEDUP -> Vel=4
[11:44:31] 127.0.0.1:63879 -> CMD SPEEDUP -> Vel=5
[11:44:38] 127.0.0.1:63879 -> CMD SLOWDOWN -> Vel=4
[11:44:41] 127.0.0.1:63879 -> Cliente desconectado.
[11:44:41] Administrador desconectado.
[11:44:45] viajando de 4 a 5
[11:44:55] [cambio de direccion]
[11:44:56] en estación 5
[11:44:56] espera de 20s en estación 5
[11:45:17] viajando de 5 a 4
[11:45:28] en estación 4
[11:45:28] espera de 20s en estación 4
[11:45:42] Cliente conectado desde 127.0.0.1:60971
[11:45:49] viajando de 4 a 3
[11:46:00] en estación 3
[11:46:00] espera de 20s en estación 3
[11:46:21] viajando de 3 a 2
[11:46:32] en estación 2
[11:46:32] espera de 20s en estación 2
[11:46:53] viajando de 2 a 1
[11:47:03] [cambio de direccion]
[11:47:04] en estación 1
[11:47:04] espera de 20s en estación 1
[11:47:25] viajando de 1 a 2
[11:47:36] en estación 2
[11:47:36] espera de 20s en estación 2
[11:47:58] viajando de 2 a 3
[11:48:09] en estación 3
[11:48:09] espera de 20s en estación 3
[11:48:30] viajando de 3 a 4
[11:48:41] en estación 4
[11:48:41] espera de 20s en estación 4
[11:49:02] viajando de 4 a 5
[11:49:12] [cambio de direccion]
[11:49:13] en estación 5
[11:49:13] espera de 20s en estación 5
[11:49:35] viajando de 5 a 4
[11:49:46] en estación 4
[11:49:46] espera de 20s en estación 4
[11:50:07] viajando de 4 a 3
[11:50:17] [BATERIA AGOTADA] Metro detenido 10s para recargar.
[11:50:27] [BATERIA RECARGADA] Metro reanuda recorrido.
[11:50:28] en estación 3
[11:50:28] espera de 20s en estación 3
[11:50:49] viajando de 3 a 2
[11:51:00] en estación 2
[11:51:00] espera de 20s en estación 2
[11:51:21] viajando de 2 a 1
[11:51:31] [cambio de direccion]
[11:51:32] en estación 1
[11:51:32] espera de 20s en estación 1
[11:51:53] viajando de 1 a 2
[11:52:04] en estación 2
[11:52:04] espera de 20s en estación 2
[11:52:26] viajando de 2 a 3
[11:52:36] [BATERIA AGOTADA] Metro detenido 10s para recargar.
[11:52:46] [BATERIA RECARGADA] Metro reanuda recorrido.
[11:52:47] en estación 3
[11:52:47] espera de 20s en estación 3
[11:53:08] viajando de 3 a 4
[11:53:19] en estación 4
[11:53:19] espera de 20s en estación 4
[11:53:40] viajando de 4 a 5
[11:53:50] [cambio de direccion]
[11:53:51] en estación 5
[11:53:51] espera de 20s en estación 5
[11:54:12] viajando de 5 a 4
[11:54:23] en estación 4
[11:54:23] espera de 20s en estación 4
[11:54:44] viajando de 4 a 3
[11:54:54] [BATERIA AGOTADA] Metro detenido 10s para recargar.
[11:55:04] [BATERIA RECARGADA] Metro reanuda recorrido.
[11:55:05] en estación 3
[11:55:05] espera de 20s en estación 3
[11:55:26] viajando de 3 a 2
[11:55:37] en estación 2
[11:55:37] espera de 20s en estación 2
[11:55:58] viajando de 2 a 1
[11:56:08] [cambio de direccion]
[11:56:09] en estación 1
[11:56:09] espera de 20s en estación 1
[11:56:31] viajando de 1 a 2
[11:56:42] en estación 2
[11:56:42] espera de 20s en estación 2
[11:57:03] viajando de 2 a 3
[11:57:13] [BATERIA AGOTADA] Metro detenido 10s para recargar.
[11:57:23] [BATERIA RECARGADA] Metro reanuda recorrido.
[11:57:24] en estación 3
[11:57:24] espera de 20s en estación 3
[11:57:45] viajando de 3 a 4
[11:57:56] en estación 4
[11:57:56] espera de 20s en estación 4
[11:58:17] viajando de 4 a 5
[11:58:27] [cambio de direccion]
[11:58:28] en estación 5
[11:58:28] espera de 20s en estación 5
[11:58:49] viajando de 5 a 4
[11:59:00] en estación 4
[11:59:00] espera de 20s en estación 4
[11:59:22] viajando de 4 a 3
[11:59:32] [BATERIA AGOTADA] Metro detenido 10s para recargar.
[11:59:42] [BATERIA RECARGADA] Metro reanuda recorrido.
[11:59:43] en estación 3
[11:59:43] espera de 20s en estación 3
[12:00:04] viajando de 3 a 2
[12:00:15] en estación 2
[12:00:15] espera de 20s en estación 2
[12:00:36] viajando de 2 a 1
[12:00:46] [cambio de direccion]
[12:00:47] en estación 1
[12:00:47] espera de 20s en estación 1
[12:01:08] viajando de 1 a 2
[12:01:20] en estación 2
[12:01:20] espera de 20s en estación 2
[12:01:41] viajando de 2 a 3
[12:01:51] [BATERIA AGOTADA] Metro detenido 10s para recargar.
[12:02:01] [BATERIA RECARGADA] Metro reanuda recorrido.
[12:02:02] en estación 3
[12:02:02] espera de 20s en estación 3
[12:02:23] viajando de 3 a 4
[12:02:34] en estación 4
[12:02:34] espera de 20s en estación 4
[12:02:55] viajando de 4 a 5
[12:03:05] [cambio de direccion]
[12:03:06] en estación 5
[12:03:06] espera de 20s en estación 5
[12:03:27] viajando de 5 a 4
[12:03:38] en estación 4
[12:03:38] espera de 20s en estación 4
[12:04:00] viajando de 4 a 3
[12:04:10] [BATERIA AGOTADA] Metro detenido 10s para recargar.
[12:04:20] [BATERIA RECARGADA] Metro reanuda recorrido.
[12:04:21] en estación 3
[12:04:21] espera de 20s en estación 3
[12:04:42] viajando de 3 a 2
[12:04:53] en estación 2
[12:04:53] espera de 20s en estación 2
[12:05:14] viajando de 2 a 1
[12:05:24] [cambio de direccion]
[12:05:25] en estación 1
[12:05:25] espera de 20s en estación 1
[12:05:46] viajando de 1 a 2
[12:05:57] en estación 2
[12:05:57] espera de 20s en estación 2
[12:06:19] viajando de 2 a 3
[12:06:29] [BATERIA AGOTADA] Metro detenido 10s para recargar.
[12:06:39] [BATERIA RECARGADA] Metro reanuda recorrido.
[12:06:40] en estación 3
[12:06:40] espera de 20s en estación 3
[12:07:01] viajando de 3 a 4
[12:07:12] en estación 4
[12:07:12] espera de 20s en estación 4
[12:07:33] viajando de 4 a 5
[12:07:43] [cambio de direccion]
[12:07:44] en estación 5
[12:07:44] espera de 20s en estación 5
[12:08:05] viajando de 5 a 4
[12:08:16] en estación 4
[12:08:16] espera de 20s en estación 4
[12:08:37] viajando de 4 a 3
[12:08:47] [BATERIA AGOTADA] Metro detenido 10s para recargar.
[12:08:57] [BATERIA RECARGADA] Metro reanuda recorrido.
[12:08:58] en estación 3
[12:08:58] espera de 20s en estación 3
[12:09:20] viajando de 3 a 2
[12:09:31] en estación 2
[12:09:31] espera de 20s en estación 2
[12:09:52] viajando de 2 a 1
[12:10:02] [cambio de direccion]
[12:10:03] en estación 1
[12:10:03] espera de 20s en estación 1
[12:10:24] viajando de 1 a 2
[12:10:35] en estación 2
[12:10:35] espera de 20s en estación 2
[12:10:56] viajando de 2 a 3
[12:11:06] [BATERIA AGOTADA] Metro detenido 10s para recargar.
[12:11:16] [BATERIA RECARGADA] Metro reanuda recorrido.
[12:11:17] en estación 3
[12:11:17] espera de 20s en estación 3
[12:11:38] viajando de 3 a 4
[12:11:49] en estación 4
[12:11:49] espera de 20s en estación 4
[12:12:11] viajando de 4 a 5
[12:12:21] [cambio de direccion]
[12:12:22] en estación 5
[12:12:22] espera de 20s en estación 5
[12:12:43] viajando de 5 a 4
[12:12:54] en estación 4
[12:12:54] espera de 20s en estación 4
[12:13:15] viajando de 4 a 3
[12:13:25] [BATERIA AGOTADA] Metro detenido 10s para recargar.
[12:13:35] [BATERIA RECARGADA] Metro reanuda recorrido.
[12:13:36] en estación 3
[12:13:36] espera de 20s en estación 3
[12:13:57] viajando de 3 a 2
[12:14:08] en estación 2
[12:14:08] espera de 20s en estación 2
[12:14:29] viajando de 2 a 1
[12:14:39] [cambio de direccion]
[12:14:40] en estación 1
[12:14:40] espera de 20s en estación 1
[12:15:02] viajando de 1 a 2
[12:15:13] en estación 2
[12:15:13] espera de 20s en estación 2
[12:15:34] viajando de 2 a 3
[12:15:44] [BATERIA AGOTADA] Metro detenido 10s para recargar.
[12:15:54] [BATERIA RECARGADA] Metro reanuda recorrido.
[12:15:55] en estación 3
[12:15:55] espera de 20s en estación 3
[12:16:16] viajando de 3 a 4
[12:16:27] en estación 4
[12:16:27] espera de 20s en estación 4
[12:16:48] viajando de 4 a 5
[12:16:58] [cambio de direccion]
[12:16:59] en estación 5
[12:16:59] espera de 20s en estación 5
[12:17:20] viajando de 5 a 4
[12:17:31] en estación 4
[12:17:31] espera de 20s en estación 4
[12:17:53] viajando de 4 a 3
[12:18:03] [BATERIA AGOTADA] Metro detenido 10s para recargar.
[12:18:13] [BATERIA RECARGADA] Metro reanuda recorrido.
[12:18:14] en estación 3
[12:18:14] espera de 20s en estación 3
[12:18:35] viajando de 3 a 2
[12:18:46] en estación 2
[12:18:46] espera de 20s en estación 2
[12:19:07] viajando de 2 a 1
[12:19:17] [cambio de direccion]
[12:19:18] en estación 1
[12:19:18] espera de 20s en estación 1
[12:19:39] viajando de 1 a 2
[12:19:50] en estación 2
[12:19:50] espera de 20s en estación 2
[12:20:11] viajando de 2 a 3
[12:20:21] [BATERIA AGOTADA] Metro detenido 10s para recargar.
[12:20:31] [BATERIA RECARGADA] Metro reanuda recorrido.
[12:20:32] en estación 3
[12:20:32] espera de 20s en estación 3
[12:20:54] viajando de 3 a 4
[12:21:05] en estación 4
[12:21:05] espera de 20s en estación 4
[12:21:26] viajando de 4 a 5
[12:21:36] [cambio de direccion]
[12:21:37] en estación 5
[12:21:37] espera de 20s en estación 5
[12:21:58] viajando de 5 a 4
[12:22:09] en estación 4
[12:22:09] espera de 20s en estación 4
[12:22:30] viajando de 4 a 3
[12:22:40] [BATERIA AGOTADA] Metro detenido 10s para recargar.
[12:22:50] [BATERIA RECARGADA] Metro reanuda recorrido.
[12:22:51] en estación 3
[12:22:51] espera de 20s en estación 3
[12:23:12] viajando de 3 a 2
[12:23:23] en estación 2
[12:23:23] espera de 20s en estación 2
[12:23:45] viajando de 2 a 1
[12:23:55] [cambio de direccion]
[12:23:56] en estación 1
[12:23:56] espera de 20s en estación 1
[12:24:17] viajando de 1 a 2
