[16:22:49] TELEMETRIA Estacion:1 Direccion:IDA Vel:1 Bateria:100 Estado:MOVIMIENTO 

[16:22:59] TELEMETRIA Estacion:1 Direccion:IDA Vel:1 Bateria:100 Estado:MOVIMIENTO 

[16:23:09] TELEMETRIA Estacion:1 Direccion:IDA Vel:1 Bateria:100 Estado:MOVIMIENTO 

[16:23:19] TELEMETRIA Estacion:2 Direccion:IDA Vel:1 Bateria:95 Estado:MOVIMIENTO 

[16:23:29] TELEMETRIA Estacion:2 Direccion:IDA Vel:1 Bateria:95 Estado:MOVIMIENTO 

[16:23:39] TELEMETRIA Estacion:2 Direccion:IDA Vel:1 Bateria:95 Estado:MOVIMIENTO 

[16:23:49] TELEMETRIA Estacion:3 Direccion:IDA Vel:1 Bateria:90 Estado:MOVIMIENTO 

[16:24:00] TELEMETRIA Estacion:3 Direccion:IDA Vel:1 Bateria:90 Estado:MOVIMIENTO 

[16:24:10] TELEMETRIA Estacion:3 Direccion:IDA Vel:1 Bateria:90 Estado:MOVIMIENTO 

[16:24:20] TELEMETRIA Estacion:4 Direccion:IDA Vel:1 Bateria:85 Estado:MOVIMIENTO 

[16:24:30] TELEMETRIA Estacion:4 Direccion:IDA Vel:1 Bateria:85 Estado:MOVIMIENTO 

[16:24:40] TELEMETRIA Estacion:4 Direccion:IDA Vel:1 Bateria:85 Estado:MOVIMIENTO 

[16:24:50] TELEMETRIA Estacion:5 Direccion:VUELTA Vel:1 Bateria:80 Estado:MOVIMIENTO 

[22:42:47] TELEMETRIA Estacion:2 Direccion:IDA Vel:1 Bateria:95 Estado:MOVIMIENTO

[22:42:57] TELEMETRIA Estacion:2 Direccion:IDA Vel:1 Bateria:95 Estado:MOVIMIENTO

[22:43:07] TELEMETRIA Estacion:3 Direccion:IDA Vel:1 Bateria:90 Estado:MOVIMIENTO Comando:

[22:43:07] TELEMETRIA Estacion:3 Direccion:IDA Vel:1 Bateria:90 Estado:MOVIMIENTO

[22:43:17] TELEMETRIA Estacion:3 Direccion:IDA Vel:1 Bateria:90 Estado:MOVIMIENTO Comando:

[22:43:27] TELEMETRIA Estacion:3 Direccion:IDA Vel:1 Bateria:90 Estado:MOVIMIENTO Comando:

[22:43:37] TELEMETRIA Estacion:4 Direccion:IDA Vel:1 Bateria:85 Estado:MOVIMIENTO Comando:

[22:43:47] TELEMETRIA Estacion:4 Direccion:IDA Vel:2 Bateria:85 Estado:MOVIMIENTO Comando:CMD:SPEEDUP;

[22:43:57] TELEMETRIA Estacion:4 Direccion:IDA Vel:2 Bateria:85 Estado:MOVIMIENTO Comando:

[22:44:07] TELEMETRIA Estacion:5 Direccion:VUELTA Vel:2 Bateria:80 Estado:MOVIMIENTO Comando:

[22:44:17] TELEMETRIA Estacion:5 Direccion:VUELTA Vel:2 Bateria:80 Estado:MOVIMIENTO Comando:

[22:44:27] TELEMETRIA Estacion:5 Direccion:VUELTA Vel:3 Bateria:80 Estado:MOVIMIENTO Comando:CMD:SPEEDUP;

[22:44:37] TELEMETRIA Estacion:4 Direccion:VUELTA Vel:3 Bateria:75 Estado:MOVIMIENTO Comando:

[22:44:47] TELEMETRIA Estacion:4 Direccion:VUELTA Vel:3 Bateria:75 Estado:MOVIMIENTO Comando:

[22:44:57] TELEMETRIA Estacion:3 Direccion:VUELTA Vel:3 Bateria:70 Estado:MOVIMIENTO Comando:

[22:45:07] TELEMETRIA Estacion:3 Direccion:VUELTA Vel:3 Bateria:70 Estado:MOVIMIENTO Comando:

[22:45:17] TELEMETRIA Estacion:3 Direccion:VUELTA Vel:3 Bateria:70 Estado:MOVIMIENTO Comando:

[22:45:27] TELEMETRIA Estacion:2 Direccion:VUELTA Vel:3 Bateria:65 Estado:MOVIMIENTO Comando:

[22:45:37] TELEMETRIA Estacion:2 Direccion:VUELTA Vel:3 Bateria:65 Estado:MOVIMIENTO Comando:

[22:45:47] TELEMETRIA Estacion:1 Direccion:IDA Vel:3 Bateria:60 Estado:MOVIMIENTO Comando:

[22:45:57] TELEMETRIA Estacion:1 Direccion:IDA Vel:3 Bateria:60 Estado:MOVIMIENTO Comando:

[22:46:07] TELEMETRIA Estacion:1 Direccion:IDA Vel:3 Bateria:60 Estado:MOVIMIENTO Comando:

[22:46:17] TELEMETRIA Estacion:2 Direccion:IDA Vel:3 Bateria:55 Estado:MOVIMIENTO Comando:

[22:46:27] TELEMETRIA Estacion:2 Direccion:IDA Vel:3 Bateria:55 Estado:MOVIMIENTO Comando:

[22:46:37] TELEMETRIA Estacion:2 Direccion:IDA Vel:3 Bateria:55 Estado:MOVIMIENTO Comando:

[22:46:47] TELEMETRIA Estacion:3 Direccion:IDA Vel:3 Bateria:50 Estado:MOVIMIENTO Comando:

[22:46:57] TELEMETRIA Estacion:3 Direccion:IDA Vel:3 Bateria:50 Estado:MOVIMIENTO Comando:

[22:47:07] TELEMETRIA Estacion:4 Direccion:IDA Vel:3 Bateria:45 Estado:MOVIMIENTO Comando:

[22:47:17] TELEMETRIA Estacion:4 Direccion:IDA Vel:3 Bateria:45 Estado:MOVIMIENTO Comando:

[22:47:27] TELEMETRIA Estacion:4 Direccion:IDA Vel:3 Bateria:45 Estado:MOVIMIENTO Comando:

[22:47:37] TELEMETRIA Estacion:5 Direccion:VUELTA Vel:3 Bateria:40 Estado:MOVIMIENTO Comando:

[22:47:47] TELEMETRIA Estacion:5 Direccion:VUELTA Vel:3 Bateria:40 Estado:MOVIMIENTO Comando:

[22:47:57] TELEMETRIA Estacion:4 Direccion:VUELTA Vel:3 Bateria:35 Estado:MOVIMIENTO Comando:

[22:48:07] TELEMETRIA Estacion:4 Direccion:VUELTA Vel:3 Bateria:35 Estado:MOVIMIENTO Comando:

[22:48:17] TELEMETRIA Estacion:4 Direccion:VUELTA Vel:3 Bateria:35 Estado:MOVIMIENTO Comando:

[22:48:27] TELEMETRIA Estacion:3 Direccion:VUELTA Vel:3 Bateria:30 Estado:MOVIMIENTO Comando:

[22:48:37] TELEMETRIA Estacion:3 Direccion:VUELTA Vel:3 Bateria:30 Estado:MOVIMIENTO Comando:

[22:48:47] TELEMETRIA Estacion:3 Direccion:VUELTA Vel:3 Bateria:30 Estado:MOVIMIENTO Comando:

[22:48:57] TELEMETRIA Estacion:2 Direccion:VUELTA Vel:3 Bateria:25 Estado:MOVIMIENTO Comando:

[22:49:07] TELEMETRIA Estacion:2 Direccion:VUELTA Vel:3 Bateria:25 Estado:MOVIMIENTO Comando:

[22:49:17] TELEMETRIA Estacion:1 Direccion:IDA Vel:3 Bateria:20 Estado:MOVIMIENTO Comando:

[22:49:27] TELEMETRIA Estacion:1 Direccion:IDA Vel:3 Bateria:20 Estado:MOVIMIENTO Comando:

[22:49:37] TELEMETRIA Estacion:1 Direccion:IDA Vel:3 Bateria:20 Estado:MOVIMIENTO Comando:

[22:49:47] TELEMETRIA Estacion:2 Direccion:IDA Vel:3 Bateria:15 Estado:MOVIMIENTO Comando:

[22:49:57] TELEMETRIA Estacion:2 Direccion:IDA Vel:3 Bateria:15 Estado:MOVIMIENTO Comando:

[22:50:07] TELEMETRIA Estacion:3 Direccion:IDA Vel:3 Bateria:10 Estado:MOVIMIENTO Comando:

[22:50:17] TELEMETRIA Estacion:3 Direccion:IDA Vel:3 Bateria:10 Estado:MOVIMIENTO Comando:

[22:50:27] TELEMETRIA Estacion:3 Direccion:IDA Vel:3 Bateria:10 Estado:MOVIMIENTO Comando:

[22:50:37] TELEMETRIA Estacion:4 Direccion:IDA Vel:3 Bateria:5 Estado:MOVIMIENTO Comando:

[22:50:47] TELEMETRIA Estacion:4 Direccion:IDA Vel:3 Bateria:5 Estado:MOVIMIENTO Comando:

[22:50:57] TELEMETRIA Estacion:4 Direccion:IDA Vel:3 Bateria:5 Estado:MOVIMIENTO Comando:

[22:51:07] TELEMETRIA Estacion:5 Direccion:IDA Vel:3 Bateria:0 Estado:MOVIMIENTO Comando:

[22:51:17] TELEMETRIA Estacion:5 Direccion:VUELTA Vel:3 Bateria:20 Estado:MOVIMIENTO Comando:

[22:51:27] TELEMETRIA Estacion:5 Direccion:VUELTA Vel:3 Bateria:20 Estado:MOVIMIENTO Comando:

[22:51:37] TELEMETRIA Estacion:4 Direccion:VUELTA Vel:3 Bateria:15 Estado:MOVIMIENTO Comando:

[22:51:47] TELEMETRIA Estacion:4 Direccion:VUELTA Vel:3 Bateria:15 Estado:MOVIMIENTO Comando:

[22:51:57] TELEMETRIA Estacion:4 Direccion:VUELTA Vel:3 Bateria:15 Estado:MOVIMIENTO Comando:

[22:52:07] TELEMETRIA Estacion:3 Direccion:VUELTA Vel:3 Bateria:10 Estado:MOVIMIENTO Comando:

[22:52:17] TELEMETRIA Estacion:3 Direccion:VUELTA Vel:3 Bateria:10 Estado:MOVIMIENTO Comando:

[22:52:27] TELEMETRIA Estacion:2 Direccion:VUELTA Vel:3 Bateria:5 Estado:MOVIMIENTO Comando:

[22:52:37] TELEMETRIA Estacion:2 Direccion:VUELTA Vel:3 Bateria:5 Estado:MOVIMIENTO Comando:

[22:52:47] TELEMETRIA Estacion:2 Direccion:VUELTA Vel:3 Bateria:5 Estado:MOVIMIENTO Comando:

[22:52:57] TELEMETRIA Estacion:1 Direccion:VUELTA Vel:3 Bateria:0 Estado:MOVIMIENTO Comando:

[22:53:07] TELEMETRIA Estacion:1 Direccion:IDA Vel:3 Bateria:20 Estado:MOVIMIENTO Comando:

[22:53:17] TELEMETRIA Estacion:1 Direccion:IDA Vel:3 Bateria:20 Estado:MOVIMIENTO Comando:

[22:53:27] TELEMETRIA Estacion:1 Direccion:IDA Vel:3 Bateria:20 Estado:MOVIMIENTO Comando:

[22:53:37] TELEMETRIA Estacion:2 Direccion:IDA Vel:3 Bateria:15 Estado:MOVIMIENTO Comando:

[22:53:47] TELEMETRIA Estacion:2 Direccion:IDA Vel:3 Bateria:15 Estado:MOVIMIENTO Comando:

[22:53:57] TELEMETRIA Estacion:3 Direccion:IDA Vel:3 Bateria:10 Estado:MOVIMIENTO Comando:

[22:54:07] TELEMETRIA Estacion:3 Direccion:IDA Vel:3 Bateria:10 Estado:MOVIMIENTO Comando:

[22:54:17] TELEMETRIA Estacion:3 Direccion:IDA Vel:3 Bateria:10 Estado:MOVIMIENTO Comando:

[22:54:27] TELEMETRIA Estacion:4 Direccion:IDA Vel:3 Bateria:5 Estado:MOVIMIENTO Comando:

[22:54:37] TELEMETRIA Estacion:4 Direccion:IDA Vel:3 Bateria:5 Estado:MOVIMIENTO Comando:

[22:54:47] TELEMETRIA Estacion:5 Direccion:IDA Vel:3 Bateria:0 Estado:MOVIMIENTO Comando:

[22:54:57] TELEMETRIA Estacion:5 Direccion:VUELTA Vel:3 Bateria:20 Estado:MOVIMIENTO Comando:

[22:55:07] TELEMETRIA Estacion:5 Direccion:VUELTA Vel:3 Bateria:20 Estado:MOVIMIENTO Comando:

[22:55:17] TELEMETRIA Estacion:5 Direccion:VUELTA Vel:3 Bateria:20 Estado:MOVIMIENTO Comando:

[22:55:27] TELEMETRIA Estacion:4 Direccion:VUELTA Vel:3 Bateria:15 Estado:MOVIMIENTO Comando:

[22:55:37] TELEMETRIA Estacion:4 Direccion:VUELTA Vel:3 Bateria:15 Estado:MOVIMIENTO Comando:

[22:55:47] TELEMETRIA Estacion:4 Direccion:VUELTA Vel:3 Bateria:15 Estado:MOVIMIENTO Comando:

[22:55:57] TELEMETRIA Estacion:3 Direccion:VUELTA Vel:3 Bateria:10 Estado:MOVIMIENTO Comando:

[22:56:07] TELEMETRIA Estacion:3 Direccion:VUELTA Vel:3 Bateria:10 Estado:MOVIMIENTO Comando:

[22:56:17] TELEMETRIA Estacion:2 Direccion:VUELTA Vel:3 Bateria:5 Estado:MOVIMIENTO Comando:

[22:56:27] TELEMETRIA Estacion:2 Direccion:VUELTA Vel:3 Bateria:5 Estado:MOVIMIENTO Comando:

[22:56:37] TELEMETRIA Estacion:2 Direccion:VUELTA Vel:3 Bateria:5 Estado:MOVIMIENTO Comando:

[22:56:47] TELEMETRIA Estacion:1 Direccion:VUELTA Vel:3 Bateria:0 Estado:MOVIMIENTO Comando:

[22:56:57] TELEMETRIA Estacion:1 Direccion:IDA Vel:3 Bateria:20 Estado:MOVIMIENTO Comando:

[22:57:07] TELEMETRIA Estacion:1 Direccion:IDA Vel:3 Bateria:20 Estado:MOVIMIENTO Comando:

[22:57:17] TELEMETRIA Estacion:2 Direccion:IDA Vel:3 Bateria:15 Estado:MOVIMIENTO Comando:

[22:57:27] TELEMETRIA Estacion:2 Direccion:IDA Vel:3 Bateria:15 Estado:MOVIMIENTO Comando:

[22:57:37] TELEMETRIA Estacion:2 Direccion:IDA Vel:3 Bateria:15 Estado:MOVIMIENTO Comando:

[22:57:47] TELEMETRIA Estacion:3 Direccion:IDA Vel:3 Bateria:10 Estado:MOVIMIENTO Comando:

[22:57:57] TELEMETRIA Estacion:3 Direccion:IDA Vel:3 Bateria:10 Estado:MOVIMIENTO Comando:

[22:58:07] TELEMETRIA Estacion:3 Direccion:IDA Vel:3 Bateria:10 Estado:MOVIMIENTO Comando:

[22:58:17] TELEMETRIA Estacion:4 Direccion:IDA Vel:3 Bateria:5 Estado:MOVIMIENTO Comando:

[22:58:27] TELEMETRIA Estacion:4 Direccion:IDA Vel:3 Bateria:5 Estado:MOVIMIENTO Comando:

[22:58:37] TELEMETRIA Estacion:5 Direccion:IDA Vel:3 Bateria:0 Estado:MOVIMIENTO Comando:

[22:58:47] TELEMETRIA Estacion:5 Direccion:VUELTA Vel:3 Bateria:20 Estado:MOVIMIENTO Comando:

[22:58:57] TELEMETRIA Estacion:5 Direccion:VUELTA Vel:3 Bateria:20 Estado:MOVIMIENTO Comando:

[22:59:07] TELEMETRIA Estacion:5 Direccion:VUELTA Vel:3 Bateria:20 Estado:MOVIMIENTO Comando:

[22:59:17] TELEMETRIA Estacion:4 Direccion:VUELTA Vel:3 Bateria:15 Estado:MOVIMIENTO Comando:

[22:59:27] TELEMETRIA Estacion:4 Direccion:VUELTA Vel:3 Bateria:15 Estado:MOVIMIENTO Comando:

[22:59:37] TELEMETRIA Estacion:3 Direccion:VUELTA Vel:3 Bateria:10 Estado:MOVIMIENTO Comando:

[22:59:47] TELEMETRIA Estacion:3 Direccion:VUELTA Vel:3 Bateria:10 Estado:MOVIMIENTO Comando:

[22:59:57] TELEMETRIA Estacion:3 Direccion:VUELTA Vel:3 Bateria:10 Estado:MOVIMIENTO Comando:

[23:00:07] TELEMETRIA Estacion:2 Direccion:VUELTA Vel:3 Bateria:5 Estado:MOVIMIENTO Comando:

[23:00:17] TELEMETRIA Estacion:2 Direccion:VUELTA Vel:3 Bateria:5 Estado:MOVIMIENTO Comando:

[23:00:27] TELEMETRIA Estacion:2 Direccion:VUELTA Vel:3 Bateria:5 Estado:MOVIMIENTO Comando:

[23:00:37] TELEMETRIA Estacion:1 Direccion:VUELTA Vel:3 Bateria:0 Estado:MOVIMIENTO Comando:

[23:00:47] TELEMETRIA Estacion:1 Direccion:IDA Vel:3 Bateria:20 Estado:MOVIMIENTO Comando:

[23:00:57] TELEMETRIA Estacion:1 Direccion:IDA Vel:3 Bateria:20 Estado:MOVIMIENTO Comando:

[23:01:07] TELEMETRIA Estacion:2 Direccion:IDA Vel:3 Bateria:15 Estado:MOVIMIENTO Comando:

[23:01:17] TELEMETRIA Estacion:2 Direccion:IDA Vel:3 Bateria:15 Estado:MOVIMIENTO Comando:

[23:01:27] TELEMETRIA Estacion:2 Direccion:IDA Vel:3 Bateria:15 Estado:MOVIMIENTO Comando:

[23:01:37] TELEMETRIA Estacion:3 Direccion:IDA Vel:3 Bateria:10 Estado:MOVIMIENTO Comando:

[23:01:47] TELEMETRIA Estacion:3 Direccion:IDA Vel:3 Bateria:10 Estado:MOVIMIENTO Comando:

[23:01:57] TELEMETRIA Estacion:4 Direccion:IDA Vel:3 Bateria:5 Estado:MOVIMIENTO Comando:

[23:02:07] TELEMETRIA Estacion:4 Direccion:IDA Vel:3 Bateria:5 Estado:MOVIMIENTO Comando:

[23:02:17] TELEMETRIA Estacion:4 Direccion:IDA Vel:3 Bateria:5 Estado:MOVIMIENTO Comando:

[23:02:27] TELEMETRIA Estacion:5 Direccion:IDA Vel:3 Bateria:0 Estado:MOVIMIENTO Comando:

[23:02:37] TELEMETRIA Estacion:5 Direccion:VUELTA Vel:3 Bateria:20 Estado:MOVIMIENTO Comando:

[23:02:47] TELEMETRIA Estacion:5 Direccion:VUELTA Vel:3 Bateria:20 Estado:MOVIMIENTO Comando:

[23:02:57] TELEMETRIA Estacion:5 Direccion:VUELTA Vel:3 Bateria:20 Estado:MOVIMIENTO Comando:

[23:03:07] TELEMETRIA Estacion:4 Direccion:VUELTA Vel:3 Bateria:15 Estado:MOVIMIENTO Comando:

[23:03:17] TELEMETRIA Estacion:4 Direccion:VUELTA Vel:3 Bateria:15 Estado:MOVIMIENTO Comando:

[23:03:27] TELEMETRIA Estacion:3 Direccion:VUELTA Vel:3 Bateria:10 Estado:MOVIMIENTO Comando:

[23:03:37] TELEMETRIA Estacion:3 Direccion:VUELTA Vel:3 Bateria:10 Estado:MOVIMIENTO Comando:

[23:03:47] TELEMETRIA Estacion:3 Direccion:VUELTA Vel:3 Bateria:10 Estado:MOVIMIENTO Comando:

[23:03:57] TELEMETRIA Estacion:2 Direccion:VUELTA Vel:3 Bateria:5 Estado:MOVIMIENTO Comando:

[23:04:07] TELEMETRIA Estacion:2 Direccion:VUELTA Vel:3 Bateria:5 Estado:MOVIMIENTO Comando:

[23:04:17] TELEMETRIA Estacion:1 Direccion:VUELTA Vel:3 Bateria:0 Estado:MOVIMIENTO Comando:

[23:04:27] TELEMETRIA Estacion:1 Direccion:IDA Vel:3 Bateria:20 Estado:MOVIMIENTO Comando:

[23:04:37] TELEMETRIA Estacion:1 Direccion:IDA Vel:3 Bateria:20 Estado:MOVIMIENTO Comando:

[23:04:47] TELEMETRIA Estacion:1 Direccion:IDA Vel:3 Bateria:20 Estado:MOVIMIENTO Comando:

[23:04:57] TELEMETRIA Estacion:2 Direccion:IDA Vel:3 Bateria:15 Estado:MOVIMIENTO Comando:

[23:05:07] TELEMETRIA Estacion:2 Direccion:IDA Vel:3 Bateria:15 Estado:MOVIMIENTO Comando:

[23:05:17] TELEMETRIA Estacion:2 Direccion:IDA Vel:3 Bateria:15 Estado:MOVIMIENTO Comando:

[23:05:27] TELEMETRIA Estacion:3 Direccion:IDA Vel:3 Bateria:10 Estado:MOVIMIENTO Comando:

[23:05:37] TELEMETRIA Estacion:3 Direccion:IDA Vel:3 Bateria:10 Estado:MOVIMIENTO Comando:

[23:05:47] TELEMETRIA Estacion:4 Direccion:IDA Vel:3 Bateria:5 Estado:MOVIMIENTO Comando:

[23:05:57] TELEMETRIA Estacion:4 Direccion:IDA Vel:3 Bateria:5 Estado:MOVIMIENTO Comando:

[23:06:07] TELEMETRIA Estacion:4 Direccion:IDA Vel:3 Bateria:5 Estado:MOVIMIENTO Comando:

[23:06:17] TELEMETRIA Estacion:5 Direccion:IDA Vel:3 Bateria:0 Estado:MOVIMIENTO Comando:

[23:06:27] TELEMETRIA Estacion:5 Direccion:VUELTA Vel:3 Bateria:20 Estado:MOVIMIENTO Comando:

[23:06:37] TELEMETRIA Estacion:5 Direccion:VUELTA Vel:3 Bateria:20 Estado:MOVIMIENTO Comando:

[23:06:47] TELEMETRIA Estacion:4 Direccion:VUELTA Vel:3 Bateria:15 Estado:MOVIMIENTO Comando:

[23:06:57] TELEMETRIA Estacion:4 Direccion:VUELTA Vel:3 Bateria:15 Estado:MOVIMIENTO Comando:

[23:07:07] TELEMETRIA Estacion:4 Direccion:VUELTA Vel:3 Bateria:15 Estado:MOVIMIENTO Comando:

[23:07:17] TELEMETRIA Estacion:3 Direccion:VUELTA Vel:3 Bateria:10 Estado:MOVIMIENTO Comando:

[23:07:27] TELEMETRIA Estacion:3 Direccion:VUELTA Vel:3 Bateria:10 Estado:MOVIMIENTO Comando:

[23:07:37] TELEMETRIA Estacion:3 Direccion:VUELTA Vel:3 Bateria:10 Estado:MOVIMIENTO Comando:

[23:07:47] TELEMETRIA Estacion:2 Direccion:VUELTA Vel:3 Bateria:5 Estado:MOVIMIENTO Comando:

[23:07:57] TELEMETRIA Estacion:2 Direccion:VUELTA Vel:3 Bateria:5 Estado:MOVIMIENTO Comando:

[23:08:07] TELEMETRIA Estacion:1 Direccion:VUELTA Vel:3 Bateria:0 Estado:MOVIMIENTO Comando:

[23:08:17] TELEMETRIA Estacion:1 Direccion:IDA Vel:3 Bateria:20 Estado:MOVIMIENTO Comando:

[23:08:27] TELEMETRIA Estacion:1 Direccion:IDA Vel:3 Bateria:20 Estado:MOVIMIENTO Comando:

[23:08:37] TELEMETRIA Estacion:1 Direccion:IDA Vel:3 Bateria:20 Estado:MOVIMIENTO Comando:

[23:08:47] TELEMETRIA Estacion:2 Direccion:IDA Vel:3 Bateria:15 Estado:MOVIMIENTO Comando:

[23:08:57] TELEMETRIA Estacion:2 Direccion:IDA Vel:3 Bateria:15 Estado:MOVIMIENTO Comando:

[23:09:07] TELEMETRIA Estacion:3 Direccion:IDA Vel:3 Bateria:10 Estado:MOVIMIENTO Comando:

[23:09:17] TELEMETRIA Estacion:3 Direccion:IDA Vel:3 Bateria:10 Estado:MOVIMIENTO Comando:

[23:09:27] TELEMETRIA Estacion:3 Direccion:IDA Vel:3 Bateria:10 Estado:MOVIMIENTO Comando:

[23:09:37] TELEMETRIA Estacion:4 Direccion:IDA Vel:3 Bateria:5 Estado:MOVIMIENTO Comando:

[23:09:47] TELEMETRIA Estacion:4 Direccion:IDA Vel:3 Bateria:5 Estado:MOVIMIENTO Comando:

[23:09:57] TELEMETRIA Estacion:4 Direccion:IDA Vel:3 Bateria:5 Estado:MOVIMIENTO Comando:

[23:10:07] TELEMETRIA Estacion:5 Direccion:IDA Vel:3 Bateria:0 Estado:MOVIMIENTO Comando:

[23:10:17] TELEMETRIA Estacion:5 Direccion:VUELTA Vel:3 Bateria:20 Estado:MOVIMIENTO Comando:

[23:10:27] TELEMETRIA Estacion:5 Direccion:VUELTA Vel:3 Bateria:20 Estado:MOVIMIENTO Comando:

[23:10:37] TELEMETRIA Estacion:4 Direccion:VUELTA Vel:3 Bateria:15 Estado:MOVIMIENTO Comando:

[23:10:47] TELEMETRIA Estacion:4 Direccion:VUELTA Vel:3 Bateria:15 Estado:MOVIMIENTO Comando:

[23:10:57] TELEMETRIA Estacion:4 Direccion:VUELTA Vel:3 Bateria:15 Estado:MOVIMIENTO Comando:

[23:11:07] TELEMETRIA Estacion:3 Direccion:VUELTA Vel:3 Bateria:10 Estado:MOVIMIENTO Comando:

[23:11:17] TELEMETRIA Estacion:3 Direccion:VUELTA Vel:3 Bateria:10 Estado:MOVIMIENTO Comando:

[23:11:27] TELEMETRIA Estacion:2 Direccion:VUELTA Vel:3 Bateria:5 Estado:MOVIMIENTO Comando:

[23:11:37] TELEMETRIA Estacion:2 Direccion:VUELTA Vel:3 Bateria:5 Estado:MOVIMIENTO Comando:

[23:11:47] TELEMETRIA Estacion:2 Direccion:VUELTA Vel:3 Bateria:5 Estado:MOVIMIENTO Comando:

[23:11:57] TELEMETRIA Estacion:1 Direccion:VUELTA Vel:3 Bateria:0 Estado:MOVIMIENTO Comando:

[23:12:07] TELEMETRIA Estacion:1 Direccion:IDA Vel:3 Bateria:20 Estado:MOVIMIENTO Comando:

[23:12:17] TELEMETRIA Estacion:1 Direccion:IDA Vel:3 Bateria:20 Estado:MOVIMIENTO Comando:

[23:12:27] TELEMETRIA Estacion:1 Direccion:IDA Vel:3 Bateria:20 Estado:MOVIMIENTO Comando:

[23:12:37] TELEMETRIA Estacion:2 Direccion:IDA Vel:3 Bateria:15 Estado:MOVIMIENTO Comando:

[23:12:47] TELEMETRIA Estacion:2 Direccion:IDA Vel:3 Bateria:15 Estado:MOVIMIENTO Comando:

[23:12:57] TELEMETRIA Estacion:3 Direccion:IDA Vel:3 Bateria:10 Estado:MOVIMIENTO Comando:

[23:13:07] TELEMETRIA Estacion:3 Direccion:IDA Vel:3 Bateria:10 Estado:MOVIMIENTO Comando:

[23:13:17] TELEMETRIA Estacion:3 Direccion:IDA Vel:3 Bateria:10 Estado:MOVIMIENTO Comando:

[23:13:27] TELEMETRIA Estacion:4 Direccion:IDA Vel:3 Bateria:5 Estado:MOVIMIENTO Comando:

[23:13:37] TELEMETRIA Estacion:4 Direccion:IDA Vel:3 Bateria:5 Estado:MOVIMIENTO Comando:

[23:13:47] TELEMETRIA Estacion:5 Direccion:IDA Vel:3 Bateria:0 Estado:MOVIMIENTO Comando:

[23:13:57] TELEMETRIA Estacion:5 Direccion:VUELTA Vel:3 Bateria:20 Estado:MOVIMIENTO Comando:

[23:14:07] TELEMETRIA Estacion:5 Direccion:VUELTA Vel:3 Bateria:20 Estado:MOVIMIENTO Comando:

[23:14:17] TELEMETRIA Estacion:5 Direccion:VUELTA Vel:3 Bateria:20 Estado:MOVIMIENTO Comando:

[23:14:27] TELEMETRIA Estacion:4 Direccion:VUELTA Vel:3 Bateria:15 Estado:MOVIMIENTO Comando:

[23:14:37] TELEMETRIA Estacion:4 Direccion:VUELTA Vel:3 Bateria:15 Estado:MOVIMIENTO Comando:

[23:14:47] TELEMETRIA Estacion:4 Direccion:VUELTA Vel:3 Bateria:15 Estado:MOVIMIENTO Comando:

[23:14:57] TELEMETRIA Estacion:3 Direccion:VUELTA Vel:3 Bateria:10 Estado:MOVIMIENTO Comando:

[23:15:07] TELEMETRIA Estacion:3 Direccion:VUELTA Vel:3 Bateria:10 Estado:MOVIMIENTO Comando:

[23:15:17] TELEMETRIA Estacion:2 Direccion:VUELTA Vel:3 Bateria:5 Estado:MOVIMIENTO Comando:

[23:15:27] TELEMETRIA Estacion:2 Direccion:VUELTA Vel:3 Bateria:5 Estado:MOVIMIENTO Comando:

[23:15:37] TELEMETRIA Estacion:2 Direccion:VUELTA Vel:3 Bateria:5 Estado:MOVIMIENTO Comando:

[23:15:47] TELEMETRIA Estacion:1 Direccion:VUELTA Vel:3 Bateria:0 Estado:MOVIMIENTO Comando:

[23:15:57] TELEMETRIA Estacion:1 Direccion:IDA Vel:3 Bateria:20 Estado:MOVIMIENTO Comando:

[23:16:07] TELEMETRIA Estacion:1 Direccion:IDA Vel:3 Bateria:20 Estado:MOVIMIENTO Comando:

[23:16:17] TELEMETRIA Estacion:2 Direccion:IDA Vel:3 Bateria:15 Estado:MOVIMIENTO Comando:

[23:16:27] TELEMETRIA Estacion:2 Direccion:IDA Vel:3 Bateria:15 Estado:MOVIMIENTO Comando:

[23:16:37] TELEMETRIA Estacion:2 Direccion:IDA Vel:3 Bateria:15 Estado:MOVIMIENTO Comando:

[23:16:47] TELEMETRIA Estacion:3 Direccion:IDA Vel:3 Bateria:10 Estado:MOVIMIENTO Comando:

[23:16:57] TELEMETRIA Estacion:3 Direccion:IDA Vel:3 Bateria:10 Estado:MOVIMIENTO Comando:

[23:17:07] TELEMETRIA Estacion:3 Direccion:IDA Vel:3 Bateria:10 Estado:MOVIMIENTO Comando:

[23:17:17] TELEMETRIA Estacion:4 Direccion:IDA Vel:3 Bateria:5 Estado:MOVIMIENTO Comando:

[23:17:27] TELEMETRIA Estacion:4 Direccion:IDA Vel:3 Bateria:5 Estado:MOVIMIENTO Comando:

[23:17:37] TELEMETRIA Estacion:5 Direccion:IDA Vel:3 Bateria:0 Estado:MOVIMIENTO Comando:

[23:17:47] TELEMETRIA Estacion:5 Direccion:VUELTA Vel:3 Bateria:20 Estado:MOVIMIENTO Comando:

[23:17:57] TELEMETRIA Estacion:5 Direccion:VUELTA Vel:3 Bateria:20 Estado:MOVIMIENTO Comando:

[23:18:07] TELEMETRIA Estacion:5 Direccion:VUELTA Vel:3 Bateria:20 Estado:MOVIMIENTO Comando:

[23:18:17] TELEMETRIA Estacion:4 Direccion:VUELTA Vel:3 Bateria:15 Estado:MOVIMIENTO Comando:

[23:18:27] TELEMETRIA Estacion:4 Direccion:VUELTA Vel:3 Bateria:15 Estado:MOVIMIENTO Comando:

[23:18:37] TELEMETRIA Estacion:3 Direccion:VUELTA Vel:3 Bateria:10 Estado:MOVIMIENTO Comando:

[23:18:47] TELEMETRIA Estacion:3 Direccion:VUELTA Vel:3 Bateria:10 Estado:MOVIMIENTO Comando:

[23:18:57] TELEMETRIA Estacion:3 Direccion:VUELTA Vel:3 Bateria:10 Estado:MOVIMIENTO Comando:

[23:19:07] TELEMETRIA Estacion:2 Direccion:VUELTA Vel:3 Bateria:5 Estado:MOVIMIENTO Comando:

[23:19:17] TELEMETRIA Estacion:2 Direccion:VUELTA Vel:3 Bateria:5 Estado:MOVIMIENTO Comando:

[23:19:27] TELEMETRIA Estacion:2 Direccion:VUELTA Vel:3 Bateria:5 Estado:MOVIMIENTO Comando:

[23:19:37] TELEMETRIA Estacion:1 Direccion:VUELTA Vel:3 Bateria:0 Estado:MOVIMIENTO Comando:

[23:19:47] TELEMETRIA Estacion:1 Direccion:IDA Vel:3 Bateria:20 Estado:MOVIMIENTO Comando:

[23:19:57] TELEMETRIA Estacion:1 Direccion:IDA Vel:3 Bateria:20 Estado:MOVIMIENTO Comando:

[23:20:07] TELEMETRIA Estacion:2 Direccion:IDA Vel:3 Bateria:15 Estado:MOVIMIENTO Comando:

[23:20:17] TELEMETRIA Estacion:2 Direccion:IDA Vel:3 Bateria:15 Estado:MOVIMIENTO Comando:

[23:20:27] TELEMETRIA Estacion:2 Direccion:IDA Vel:3 Bateria:15 Estado:MOVIMIENTO Comando:

[23:20:37] TELEMETRIA Estacion:3 Direccion:IDA Vel:3 Bateria:10 Estado:MOVIMIENTO Comando:

[23:20:47] TELEMETRIA Estacion:3 Direccion:IDA Vel:3 Bateria:10 Estado:MOVIMIENTO Comando:

[23:20:57] TELEMETRIA Estacion:4 Direccion:IDA Vel:3 Bateria:5 Estado:MOVIMIENTO Comando:

[23:21:07] TELEMETRIA Estacion:4 Direccion:IDA Vel:3 Bateria:5 Estado:MOVIMIENTO Comando:

[23:21:17] TELEMETRIA Estacion:4 Direccion:IDA Vel:3 Bateria:5 Estado:MOVIMIENTO Comando:

[23:21:27] TELEMETRIA Estacion:5 Direccion:IDA Vel:3 Bateria:0 Estado:MOVIMIENTO Comando:

[23:21:37] TELEMETRIA Estacion:5 Direccion:VUELTA Vel:3 Bateria:20 Estado:MOVIMIENTO Comando:

[23:21:47] TELEMETRIA Estacion:5 Direccion:VUELTA Vel:3 Bateria:20 Estado:MOVIMIENTO Comando:

[23:21:57] TELEMETRIA Estacion:5 Direccion:VUELTA Vel:3 Bateria:20 Estado:MOVIMIENTO Comando:

[23:22:07] TELEMETRIA Estacion:4 Direccion:VUELTA Vel:3 Bateria:15 Estado:MOVIMIENTO Comando:

[23:22:17] TELEMETRIA Estacion:4 Direccion:VUELTA Vel:3 Bateria:15 Estado:MOVIMIENTO Comando:

[23:22:27] TELEMETRIA Estacion:3 Direccion:VUELTA Vel:3 Bateria:10 Estado:MOVIMIENTO Comando:

[23:22:37] TELEMETRIA Estacion:3 Direccion:VUELTA Vel:3 Bateria:10 Estado:MOVIMIENTO Comando:

[23:22:47] TELEMETRIA Estacion:3 Direccion:VUELTA Vel:3 Bateria:10 Estado:MOVIMIENTO Comando:

[23:22:57] TELEMETRIA Estacion:2 Direccion:VUELTA Vel:3 Bateria:5 Estado:MOVIMIENTO Comando:

[23:23:07] TELEMETRIA Estacion:2 Direccion:VUELTA Vel:3 Bateria:5 Estado:MOVIMIENTO Comando:

[23:23:17] TELEMETRIA Estacion:1 Direccion:VUELTA Vel:3 Bateria:0 Estado:MOVIMIENTO Comando:

[23:23:27] TELEMETRIA Estacion:1 Direccion:IDA Vel:3 Bateria:20 Estado:MOVIMIENTO Comando:

[23:23:37] TELEMETRIA Estacion:1 Direccion:IDA Vel:3 Bateria:20 Estado:MOVIMIENTO Comando:

[23:23:47] TELEMETRIA Estacion:1 Direccion:IDA Vel:3 Bateria:20 Estado:MOVIMIENTO Comando:

[23:23:57] TELEMETRIA Estacion:2 Direccion:IDA Vel:3 Bateria:15 Estado:MOVIMIENTO Comando:

[23:24:07] TELEMETRIA Estacion:2 Direccion:IDA Vel:3 Bateria:15 Estado:MOVIMIENTO Comando:

[23:24:17] TELEMETRIA Estacion:2 Direccion:IDA Vel:3 Bateria:15 Estado:MOVIMIENTO Comando:

[23:24:27] TELEMETRIA Estacion:3 Direccion:IDA Vel:3 Bateria:10 Estado:MOVIMIENTO Comando:

[23:24:37] TELEMETRIA Estacion:3 Direccion:IDA Vel:3 Bateria:10 Estado:MOVIMIENTO Comando:

[23:24:47] TELEMETRIA Estacion:4 Direccion:IDA Vel:3 Bateria:5 Estado:MOVIMIENTO Comando:

[23:24:57] TELEMETRIA Estacion:4 Direccion:IDA Vel:3 Bateria:5 Estado:MOVIMIENTO Comando:

[23:25:07] TELEMETRIA Estacion:4 Direccion:IDA Vel:3 Bateria:5 Estado:MOVIMIENTO Comando:

[23:25:17] TELEMETRIA Estacion:5 Direccion:IDA Vel:3 Bateria:0 Estado:MOVIMIENTO Comando:

[23:25:27] TELEMETRIA Estacion:5 Direccion:VUELTA Vel:3 Bateria:20 Estado:MOVIMIENTO Comando:

[23:25:37] TELEMETRIA Estacion:5 Direccion:VUELTA Vel:3 Bateria:20 Estado:MOVIMIENTO Comando:

[23:25:47] TELEMETRIA Estacion:4 Direccion:VUELTA Vel:3 Bateria:15 Estado:MOVIMIENTO Comando:

[23:25:57] TELEMETRIA Estacion:4 Direccion:VUELTA Vel:3 Bateria:15 Estado:MOVIMIENTO Comando:

[23:26:07] TELEMETRIA Estacion:4 Direccion:VUELTA Vel:3 Bateria:15 Estado:MOVIMIENTO Comando:

[23:26:17] TELEMETRIA Estacion:3 Direccion:VUELTA Vel:3 Bateria:10 Estado:MOVIMIENTO Comando:

[23:26:27] TELEMETRIA Estacion:3 Direccion:VUELTA Vel:3 Bateria:10 Estado:MOVIMIENTO Comando:

[23:26:37] TELEMETRIA Estacion:3 Direccion:VUELTA Vel:3 Bateria:10 Estado:MOVIMIENTO Comando:

[23:26:47] TELEMETRIA Estacion:2 Direccion:VUELTA Vel:3 Bateria:5 Estado:MOVIMIENTO Comando:

[23:26:57] TELEMETRIA Estacion:2 Direccion:VUELTA Vel:3 Bateria:5 Estado:MOVIMIENTO Comando:

[23:27:07] TELEMETRIA Estacion:1 Direccion:VUELTA Vel:3 Bateria:0 Estado:MOVIMIENTO Comando:

[23:27:17] TELEMETRIA Estacion:1 Direccion:IDA Vel:3 Bateria:20 Estado:MOVIMIENTO Comando:

[23:27:27] TELEMETRIA Estacion:1 Direccion:IDA Vel:3 Bateria:20 Estado:MOVIMIENTO Comando:

[23:27:37] TELEMETRIA Estacion:1 Direccion:IDA Vel:3 Bateria:20 Estado:MOVIMIENTO Comando:

[23:27:47] TELEMETRIA Estacion:2 Direccion:IDA Vel:3 Bateria:15 Estado:MOVIMIENTO Comando:

[23:27:57] TELEMETRIA Estacion:2 Direccion:IDA Vel:3 Bateria:15 Estado:MOVIMIENTO Comando:

[23:28:07] TELEMETRIA Estacion:3 Direccion:IDA Vel:3 Bateria:10 Estado:MOVIMIENTO Comando:

[23:28:17] TELEMETRIA Estacion:3 Direccion:IDA Vel:3 Bateria:10 Estado:MOVIMIENTO Comando:

[23:28:27] TELEMETRIA Estacion:3 Direccion:IDA Vel:3 Bateria:10 Estado:MOVIMIENTO Comando:

[23:28:37] TELEMETRIA Estacion:4 Direccion:IDA Vel:3 Bateria:5 Estado:MOVIMIENTO Comando:

[23:28:47] TELEMETRIA Estacion:4 Direccion:IDA Vel:3 Bateria:5 Estado:MOVIMIENTO Comando:

[23:28:57] TELEMETRIA Estacion:4 Direccion:IDA Vel:3 Bateria:5 Estado:MOVIMIENTO Comando:

[23:29:07] TELEMETRIA Estacion:5 Direccion:IDA Vel:3 Bateria:0 Estado:MOVIMIENTO Comando:

[23:29:17] TELEMETRIA Estacion:5 Direccion:VUELTA Vel:3 Bateria:20 Estado:MOVIMIENTO Comando:

[23:29:27] TELEMETRIA Estacion:5 Direccion:VUELTA Vel:3 Bateria:20 Estado:MOVIMIENTO Comando:

[23:29:37] TELEMETRIA Estacion:4 Direccion:VUELTA Vel:3 Bateria:15 Estado:MOVIMIENTO Comando:

[23:29:47] TELEMETRIA Estacion:4 Direccion:VUELTA Vel:3 Bateria:15 Estado:MOVIMIENTO Comando:

[23:29:57] TELEMETRIA Estacion:4 Direccion:VUELTA Vel:3 Bateria:15 Estado:MOVIMIENTO Comando:

[23:30:07] TELEMETRIA Estacion:3 Direccion:VUELTA Vel:3 Bateria:10 Estado:MOVIMIENTO Comando:

[23:30:17] TELEMETRIA Estacion:3 Direccion:VUELTA Vel:3 Bateria:10 Estado:MOVIMIENTO Comando:

[23:30:27] TELEMETRIA Estacion:2 Direccion:VUELTA Vel:3 Bateria:5 Estado:MOVIMIENTO Comando:

[23:30:37] TELEMETRIA Estacion:2 Direccion:VUELTA Vel:3 Bateria:5 Estado:MOVIMIENTO Comando:

[23:30:47] TELEMETRIA Estacion:2 Direccion:VUELTA Vel:3 Bateria:5 Estado:MOVIMIENTO Comando:

[23:30:57] TELEMETRIA Estacion:1 Direccion:VUELTA Vel:3 Bateria:0 Estado:MOVIMIENTO Comando:

[23:31:07] TELEMETRIA Estacion:1 Direccion:IDA Vel:3 Bateria:20 Estado:MOVIMIENTO Comando:

[23:31:17] TELEMETRIA Estacion:1 Direccion:IDA Vel:3 Bateria:20 Estado:MOVIMIENTO Comando:

[23:31:27] TELEMETRIA Estacion:1 Direccion:IDA Vel:3 Bateria:20 Estado:MOVIMIENTO Comando:

[23:31:37] TELEMETRIA Estacion:2 Direccion:IDA Vel:3 Bateria:15 Estado:MOVIMIENTO Comando:

